<?xml version="1.0" encoding="UTF-8"?>
<testsuite xmlns:xsi="http://www.w3.org/2001/XMLSchema-instance" xsi:noNamespaceSchemaLocation="https://maven.apache.org/surefire/maven-surefire-plugin/xsd/surefire-test-report.xsd" name="test.Domain.Controllers.GameControllerTest" time="0.11" tests="13" errors="2" skipped="0" failures="0">
  <properties>
[...]
</properties>
  <testcase name="GetCurrentPlayer_TurnOfWhites_ReturnWhitePlayer" classname="test.Domain.Controllers.GameControllerTest" time="0.028"/>
  <testcase name="makeMoveBot_IsABot_FunctionCalled" classname="test.Domain.Controllers.GameControllerTest" time="0.009">
    <error message="&#10;Mockito cannot mock this class: class Domain.Controllers.GameController.&#10;&#10;Mockito can only mock non-private &amp; non-final classes.&#10;If you&apos;re not sure why you&apos;re getting this error, please report to the mailing list.&#10;&#10;&#10;Java               : 11&#10;JVM vendor name    : Debian&#10;JVM vendor version : 11.0.11+9-post-Debian-1&#10;JVM name           : OpenJDK 64-Bit Server VM&#10;JVM version        : 11.0.11+9-post-Debian-1&#10;JVM info           : mixed mode, sharing&#10;OS name            : Linux&#10;OS version         : 4.19.0-kali1-amd64&#10;&#10;&#10;Underlying exception : java.lang.IllegalArgumentException: Could not create type" type="org.mockito.exceptions.base.MockitoException"><![CDATA[org.mockito.exceptions.base.MockitoException: 

Mockito cannot mock this class: class Domain.Controllers.GameController.

Mockito can only mock non-private & non-final classes.
If you're not sure why you're getting this error, please report to the mailing list.


Java               : 11
JVM vendor name    : Debian
JVM vendor version : 11.0.11+9-post-Debian-1
JVM name           : OpenJDK 64-Bit Server VM
JVM version        : 11.0.11+9-post-Debian-1
JVM info           : mixed mode, sharing
OS name            : Linux
OS version         : 4.19.0-kali1-amd64


Underlying exception : java.lang.IllegalArgumentException: Could not create type
	at test.Domain.Controllers.GameControllerTest.makeMoveBot_IsABot_FunctionCalled(GameControllerTest.java:160)
Caused by: java.lang.IllegalArgumentException: Could not create type
	at test.Domain.Controllers.GameControllerTest.makeMoveBot_IsABot_FunctionCalled(GameControllerTest.java:160)
Caused by: java.lang.NoClassDefFoundError: javafx/collections/ObservableList
	at test.Domain.Controllers.GameControllerTest.makeMoveBot_IsABot_FunctionCalled(GameControllerTest.java:160)
Caused by: java.lang.ClassNotFoundException: javafx.collections.ObservableList
	at test.Domain.Controllers.GameControllerTest.makeMoveBot_IsABot_FunctionCalled(GameControllerTest.java:160)
]]></error>
  </testcase>
  <testcase name="Play_PvE_MakeBotMoveCalled" classname="test.Domain.Controllers.GameControllerTest" time="0.002">
    <error message="&#10;Mockito cannot mock this class: class Domain.Controllers.GameController.&#10;&#10;Mockito can only mock non-private &amp; non-final classes.&#10;If you&apos;re not sure why you&apos;re getting this error, please report to the mailing list.&#10;&#10;&#10;Java               : 11&#10;JVM vendor name    : Debian&#10;JVM vendor version : 11.0.11+9-post-Debian-1&#10;JVM name           : OpenJDK 64-Bit Server VM&#10;JVM version        : 11.0.11+9-post-Debian-1&#10;JVM info           : mixed mode, sharing&#10;OS name            : Linux&#10;OS version         : 4.19.0-kali1-amd64&#10;&#10;&#10;Underlying exception : java.lang.IllegalArgumentException: Could not create type" type="org.mockito.exceptions.base.MockitoException"><![CDATA[org.mockito.exceptions.base.MockitoException: 

Mockito cannot mock this class: class Domain.Controllers.GameController.

Mockito can only mock non-private & non-final classes.
If you're not sure why you're getting this error, please report to the mailing list.


Java               : 11
JVM vendor name    : Debian
JVM vendor version : 11.0.11+9-post-Debian-1
JVM name           : OpenJDK 64-Bit Server VM
JVM version        : 11.0.11+9-post-Debian-1
JVM info           : mixed mode, sharing
OS name            : Linux
OS version         : 4.19.0-kali1-amd64


Underlying exception : java.lang.IllegalArgumentException: Could not create type
	at test.Domain.Controllers.GameControllerTest.Play_PvE_MakeBotMoveCalled(GameControllerTest.java:177)
Caused by: java.lang.IllegalArgumentException: Could not create type
	at test.Domain.Controllers.GameControllerTest.Play_PvE_MakeBotMoveCalled(GameControllerTest.java:177)
Caused by: java.lang.NoClassDefFoundError: javafx/collections/ObservableList
	at test.Domain.Controllers.GameControllerTest.Play_PvE_MakeBotMoveCalled(GameControllerTest.java:177)
Caused by: java.lang.ClassNotFoundException: javafx.collections.ObservableList
	at test.Domain.Controllers.GameControllerTest.Play_PvE_MakeBotMoveCalled(GameControllerTest.java:177)
]]></error>
  </testcase>
  <testcase name="findPlayer_OpponentEmailEqualsMyEmail_ReturnException" classname="test.Domain.Controllers.GameControllerTest" time="0.002"/>
  <testcase name="GetCurrentPlayer_TurnOfBlacks_ReturnBlackPlayer" classname="test.Domain.Controllers.GameControllerTest" time="0.001"/>
  <testcase name="getSelectedGameID_GameExists_ReturnGameID" classname="test.Domain.Controllers.GameControllerTest" time="0.043"/>
  <testcase name="getSelectedGameID_NoGame_ReturnMinusOne" classname="test.Domain.Controllers.GameControllerTest" time="0.002"/>
  <testcase name="checkIfGameIsFinished_MovesAvailable_ReturnTrue" classname="test.Domain.Controllers.GameControllerTest" time="0.001"/>
  <testcase name="checkIfGameIsFinished_NoMovesAvailable_ReturnFalse" classname="test.Domain.Controllers.GameControllerTest" time="0.001"/>
  <testcase name="findPlayer_ValidOpponent_ReturnPlayer" classname="test.Domain.Controllers.GameControllerTest" time="0.001"/>
  <testcase name="generateOrderOfGameAndSave_VerifyRandomNumberEven" classname="test.Domain.Controllers.GameControllerTest" time="0.014"/>
  <testcase name="findPlayer_opponentDoesNotExists_ReturnException" classname="test.Domain.Controllers.GameControllerTest" time="0.002"/>
  <testcase name="generateOrderOfGameAndSave_verifyRandomNumberOdd" classname="test.Domain.Controllers.GameControllerTest" time="0.002"/>
</testsuite>