-------------------------------------------------------------------------------
Test set: TestCtrlBoardTest
-------------------------------------------------------------------------------
Tests run: 3, Failures: 1, Errors: 0, Skipped: 0, Time elapsed: 0.162 s <<< FAILURE! - in TestCtrlBoardTest
saveBoard(TestCtrlBoardTest)  Time elapsed: 0.018 s  <<< FAILURE!
java.lang.AssertionError
	at TestCtrlBoardTest.saveBoard(TestCtrlBoardTest.java:49)

