<?xml version="1.0" encoding="UTF-8"?>
<testsuite xmlns:xsi="http://www.w3.org/2001/XMLSchema-instance" xsi:noNamespaceSchemaLocation="https://maven.apache.org/surefire/maven-surefire-plugin/xsd/surefire-test-report.xsd" name="test.Domain.Controllers.GameControllerTest" time="0.11" tests="13" errors="2" skipped="0" failures="0">
  <properties>
    <property name="sun.desktop" value="gnome"/>
    <property name="awt.toolkit" value="sun.awt.X11.XToolkit"/>
    <property name="java.specification.version" value="11"/>
    <property name="sun.cpu.isalist" value=""/>
    <property name="sun.jnu.encoding" value="UTF-8"/>
    <property name="java.class.path" value="/root/Documents/subgrup-prop7-1/ProyectoProp/target/test-classes:/root/Documents/subgrup-prop7-1/ProyectoProp/target/classes:/root/.m2/repository/org/xerial/sqlite-jdbc/3.34.0/sqlite-jdbc-3.34.0.jar:/root/.m2/repository/org/javatuples/javatuples/1.2/javatuples-1.2.jar:/root/.m2/repository/com/googlecode/json-simple/json-simple/1.1.1/json-simple-1.1.1.jar:/root/.m2/repository/junit/junit/4.13.2/junit-4.13.2.jar:/root/.m2/repository/org/hamcrest/hamcrest-core/1.3/hamcrest-core-1.3.jar:/root/.m2/repository/org/mockito/mockito-core/3.9.0/mockito-core-3.9.0.jar:/root/.m2/repository/net/bytebuddy/byte-buddy/1.10.20/byte-buddy-1.10.20.jar:/root/.m2/repository/net/bytebuddy/byte-buddy-agent/1.10.20/byte-buddy-agent-1.10.20.jar:/root/.m2/repository/org/objenesis/objenesis/3.2/objenesis-3.2.jar:/root/.m2/repository/org/mockito/mockito-all/1.10.19/mockito-all-1.10.19.jar:"/>
    <property name="java.vm.vendor" value="Debian"/>
    <property name="sun.arch.data.model" value="64"/>
    <property name="java.vendor.url" value="https://tracker.debian.org/openjdk-11"/>
    <property name="user.timezone" value=""/>
    <property name="java.vm.specification.version" value="11"/>
    <property name="os.name" value="Linux"/>
    <property name="sun.java.launcher" value="SUN_STANDARD"/>
    <property name="user.country" value="US"/>
    <property name="sun.boot.library.path" value="/usr/lib/jvm/java-11-openjdk-amd64/lib"/>
    <property name="sun.java.command" value="/root/Documents/subgrup-prop7-1/ProyectoProp/target/surefire/surefirebooter1273769512886905440.jar /root/Documents/subgrup-prop7-1/ProyectoProp/target/surefire 2021-05-26T10-42-27_257-jvmRun1 surefire13515035239615238967tmp surefire_04966128835421099106tmp"/>
    <property name="jdk.debug" value="release"/>
    <property name="surefire.test.class.path" value="/root/Documents/subgrup-prop7-1/ProyectoProp/target/test-classes:/root/Documents/subgrup-prop7-1/ProyectoProp/target/classes:/root/.m2/repository/org/xerial/sqlite-jdbc/3.34.0/sqlite-jdbc-3.34.0.jar:/root/.m2/repository/org/javatuples/javatuples/1.2/javatuples-1.2.jar:/root/.m2/repository/com/googlecode/json-simple/json-simple/1.1.1/json-simple-1.1.1.jar:/root/.m2/repository/junit/junit/4.13.2/junit-4.13.2.jar:/root/.m2/repository/org/hamcrest/hamcrest-core/1.3/hamcrest-core-1.3.jar:/root/.m2/repository/org/mockito/mockito-core/3.9.0/mockito-core-3.9.0.jar:/root/.m2/repository/net/bytebuddy/byte-buddy/1.10.20/byte-buddy-1.10.20.jar:/root/.m2/repository/net/bytebuddy/byte-buddy-agent/1.10.20/byte-buddy-agent-1.10.20.jar:/root/.m2/repository/org/objenesis/objenesis/3.2/objenesis-3.2.jar:/root/.m2/repository/org/mockito/mockito-all/1.10.19/mockito-all-1.10.19.jar:"/>
    <property name="sun.cpu.endian" value="little"/>
    <property name="user.home" value="/root"/>
    <property name="user.language" value="en"/>
    <property name="java.specification.vendor" value="Oracle Corporation"/>
    <property name="java.version.date" value="2021-04-20"/>
    <property name="java.home" value="/usr/lib/jvm/java-11-openjdk-amd64"/>
    <property name="file.separator" value="/"/>
    <property name="basedir" value="/root/Documents/subgrup-prop7-1/ProyectoProp"/>
    <property name="java.vm.compressedOopsMode" value="32-bit"/>
    <property name="line.separator" value="&#10;"/>
    <property name="java.specification.name" value="Java Platform API Specification"/>
    <property name="java.vm.specification.vendor" value="Oracle Corporation"/>
    <property name="java.awt.graphicsenv" value="sun.awt.X11GraphicsEnvironment"/>
    <property name="surefire.real.class.path" value="/root/Documents/subgrup-prop7-1/ProyectoProp/target/surefire/surefirebooter1273769512886905440.jar"/>
    <property name="sun.management.compiler" value="HotSpot 64-Bit Tiered Compilers"/>
    <property name="java.runtime.version" value="11.0.11+9-post-Debian-1"/>
    <property name="user.name" value="root"/>
    <property name="path.separator" value=":"/>
    <property name="os.version" value="4.19.0-kali1-amd64"/>
    <property name="java.runtime.name" value="OpenJDK Runtime Environment"/>
    <property name="file.encoding" value="UTF-8"/>
    <property name="java.vm.name" value="OpenJDK 64-Bit Server VM"/>
    <property name="localRepository" value="/root/.m2/repository"/>
    <property name="java.vendor.url.bug" value="https://bugs.debian.org/openjdk-11"/>
    <property name="java.io.tmpdir" value="/tmp"/>
    <property name="java.version" value="11.0.11"/>
    <property name="user.dir" value="/root/Documents/subgrup-prop7-1/ProyectoProp"/>
    <property name="os.arch" value="amd64"/>
    <property name="java.vm.specification.name" value="Java Virtual Machine Specification"/>
    <property name="java.awt.printerjob" value="sun.print.PSPrinterJob"/>
    <property name="sun.os.patch.level" value="unknown"/>
    <property name="java.library.path" value="/usr/java/packages/lib:/usr/lib/x86_64-linux-gnu/jni:/lib/x86_64-linux-gnu:/usr/lib/x86_64-linux-gnu:/usr/lib/jni:/lib:/usr/lib"/>
    <property name="java.vm.info" value="mixed mode, sharing"/>
    <property name="java.vendor" value="Debian"/>
    <property name="java.vm.version" value="11.0.11+9-post-Debian-1"/>
    <property name="sun.io.unicode.encoding" value="UnicodeLittle"/>
    <property name="java.class.version" value="55.0"/>
  </properties>
  <testcase name="GetCurrentPlayer_TurnOfWhites_ReturnWhitePlayer" classname="test.Domain.Controllers.GameControllerTest" time="0.028"/>
  <testcase name="makeMoveBot_IsABot_FunctionCalled" classname="test.Domain.Controllers.GameControllerTest" time="0.009">
    <error message="&#10;Mockito cannot mock this class: class Domain.Controllers.GameController.&#10;&#10;Mockito can only mock non-private &amp; non-final classes.&#10;If you&apos;re not sure why you&apos;re getting this error, please report to the mailing list.&#10;&#10;&#10;Java               : 11&#10;JVM vendor name    : Debian&#10;JVM vendor version : 11.0.11+9-post-Debian-1&#10;JVM name           : OpenJDK 64-Bit Server VM&#10;JVM version        : 11.0.11+9-post-Debian-1&#10;JVM info           : mixed mode, sharing&#10;OS name            : Linux&#10;OS version         : 4.19.0-kali1-amd64&#10;&#10;&#10;Underlying exception : java.lang.IllegalArgumentException: Could not create type" type="org.mockito.exceptions.base.MockitoException"><![CDATA[org.mockito.exceptions.base.MockitoException: 

Mockito cannot mock this class: class Domain.Controllers.GameController.

Mockito can only mock non-private & non-final classes.
If you're not sure why you're getting this error, please report to the mailing list.


Java               : 11
JVM vendor name    : Debian
JVM vendor version : 11.0.11+9-post-Debian-1
JVM name           : OpenJDK 64-Bit Server VM
JVM version        : 11.0.11+9-post-Debian-1
JVM info           : mixed mode, sharing
OS name            : Linux
OS version         : 4.19.0-kali1-amd64


Underlying exception : java.lang.IllegalArgumentException: Could not create type
	at test.Domain.Controllers.GameControllerTest.makeMoveBot_IsABot_FunctionCalled(GameControllerTest.java:160)
Caused by: java.lang.IllegalArgumentException: Could not create type
	at test.Domain.Controllers.GameControllerTest.makeMoveBot_IsABot_FunctionCalled(GameControllerTest.java:160)
Caused by: java.lang.NoClassDefFoundError: javafx/collections/ObservableList
	at test.Domain.Controllers.GameControllerTest.makeMoveBot_IsABot_FunctionCalled(GameControllerTest.java:160)
Caused by: java.lang.ClassNotFoundException: javafx.collections.ObservableList
	at test.Domain.Controllers.GameControllerTest.makeMoveBot_IsABot_FunctionCalled(GameControllerTest.java:160)
]]></error>
  </testcase>
  <testcase name="Play_PvE_MakeBotMoveCalled" classname="test.Domain.Controllers.GameControllerTest" time="0.002">
    <error message="&#10;Mockito cannot mock this class: class Domain.Controllers.GameController.&#10;&#10;Mockito can only mock non-private &amp; non-final classes.&#10;If you&apos;re not sure why you&apos;re getting this error, please report to the mailing list.&#10;&#10;&#10;Java               : 11&#10;JVM vendor name    : Debian&#10;JVM vendor version : 11.0.11+9-post-Debian-1&#10;JVM name           : OpenJDK 64-Bit Server VM&#10;JVM version        : 11.0.11+9-post-Debian-1&#10;JVM info           : mixed mode, sharing&#10;OS name            : Linux&#10;OS version         : 4.19.0-kali1-amd64&#10;&#10;&#10;Underlying exception : java.lang.IllegalArgumentException: Could not create type" type="org.mockito.exceptions.base.MockitoException"><![CDATA[org.mockito.exceptions.base.MockitoException: 

Mockito cannot mock this class: class Domain.Controllers.GameController.

Mockito can only mock non-private & non-final classes.
If you're not sure why you're getting this error, please report to the mailing list.


Java               : 11
JVM vendor name    : Debian
JVM vendor version : 11.0.11+9-post-Debian-1
JVM name           : OpenJDK 64-Bit Server VM
JVM version        : 11.0.11+9-post-Debian-1
JVM info           : mixed mode, sharing
OS name            : Linux
OS version         : 4.19.0-kali1-amd64


Underlying exception : java.lang.IllegalArgumentException: Could not create type
	at test.Domain.Controllers.GameControllerTest.Play_PvE_MakeBotMoveCalled(GameControllerTest.java:177)
Caused by: java.lang.IllegalArgumentException: Could not create type
	at test.Domain.Controllers.GameControllerTest.Play_PvE_MakeBotMoveCalled(GameControllerTest.java:177)
Caused by: java.lang.NoClassDefFoundError: javafx/collections/ObservableList
	at test.Domain.Controllers.GameControllerTest.Play_PvE_MakeBotMoveCalled(GameControllerTest.java:177)
Caused by: java.lang.ClassNotFoundException: javafx.collections.ObservableList
	at test.Domain.Controllers.GameControllerTest.Play_PvE_MakeBotMoveCalled(GameControllerTest.java:177)
]]></error>
  </testcase>
  <testcase name="findPlayer_OpponentEmailEqualsMyEmail_ReturnException" classname="test.Domain.Controllers.GameControllerTest" time="0.002"/>
  <testcase name="GetCurrentPlayer_TurnOfBlacks_ReturnBlackPlayer" classname="test.Domain.Controllers.GameControllerTest" time="0.001"/>
  <testcase name="getSelectedGameID_GameExists_ReturnGameID" classname="test.Domain.Controllers.GameControllerTest" time="0.043"/>
  <testcase name="getSelectedGameID_NoGame_ReturnMinusOne" classname="test.Domain.Controllers.GameControllerTest" time="0.002"/>
  <testcase name="checkIfGameIsFinished_MovesAvailable_ReturnTrue" classname="test.Domain.Controllers.GameControllerTest" time="0.001"/>
  <testcase name="checkIfGameIsFinished_NoMovesAvailable_ReturnFalse" classname="test.Domain.Controllers.GameControllerTest" time="0.001"/>
  <testcase name="findPlayer_ValidOpponent_ReturnPlayer" classname="test.Domain.Controllers.GameControllerTest" time="0.001"/>
  <testcase name="generateOrderOfGameAndSave_VerifyRandomNumberEven" classname="test.Domain.Controllers.GameControllerTest" time="0.014"/>
  <testcase name="findPlayer_opponentDoesNotExists_ReturnException" classname="test.Domain.Controllers.GameControllerTest" time="0.002"/>
  <testcase name="generateOrderOfGameAndSave_verifyRandomNumberOdd" classname="test.Domain.Controllers.GameControllerTest" time="0.002"/>
</testsuite>